2025-07-18 12:20:19 | /home/jakub/ETH/2025_2026_fall/thesis |  1149  source .bashrc 
2025-07-18 12:20:24 | /home/jakub/ETH/2025_2026_fall/thesis |  1150  ls
2025-07-18 12:22:35 | /home/jakub/ETH/2025_2026_fall/thesis |  1151  source .bashrc 
2025-07-18 12:22:36 | /home/jakub/ETH/2025_2026_fall/thesis |  1152  ls
2025-07-18 12:27:38 | /home/jakub/ETH/2025_2026_fall/thesis |  1153  ssh  jparada@tik42x.ethz.ch
2025-07-18 12:32:52 | /home/jakub/ETH/2025_2026_fall/thesis |  1153  ssh  jparada@tik42x.ethz.ch
2025-07-31 09:52:17 | /home/jakub/ETH/2025_2026_fall/thesis |  1160  source .bashrc 
2025-07-31 09:52:22 | /home/jakub/ETH/2025_2026_fall/thesis/Cool-Chic |  1161  cd Cool-Chic/
2025-07-31 09:52:27 | /home/jakub/ETH/2025_2026_fall/thesis/Cool-Chic |  1162  source .venv/
2025-07-31 09:52:33 | /home/jakub/ETH/2025_2026_fall/thesis/Cool-Chic |  1163  source .venv/bin/activate
2025-07-31 09:55:26 | /home/jakub/ETH/2025_2026_fall/thesis/Cool-Chic |  1164  pip install -e .
2025-07-31 09:58:41 | /home/jakub/ETH/2025_2026_fall/thesis/Cool-Chic |  1165  gcc 
2025-07-31 09:59:13 | /home/jakub/ETH/2025_2026_fall/thesis/Cool-Chic |  1166  sudo apt-get update
2025-07-31 09:59:40 | /home/jakub/ETH/2025_2026_fall/thesis/Cool-Chic |  1167  sudo apt-get install build-essential gdb
2025-07-31 09:59:41 | /home/jakub/ETH/2025_2026_fall/thesis/Cool-Chic |  1168  whereis g++
2025-07-31 10:00:24 | /home/jakub/ETH/2025_2026_fall/thesis/Cool-Chic |  1169  g++ --version
2025-07-31 10:00:38 | /home/jakub/ETH/2025_2026_fall/thesis/Cool-Chic |  1170  g++ -std=c++17 --version
2025-07-31 10:00:43 | /home/jakub/ETH/2025_2026_fall/thesis/Cool-Chic |  1171  g++ -std=c++11 --version
2025-07-31 10:02:20 | /home/jakub/ETH/2025_2026_fall/thesis/Cool-Chic |  1172  pip install -e .
2025-07-31 10:32:10 | /home/jakub/ETH/2025_2026_fall/thesis/Cool-Chic |  1173  /usr/bin/x86_64-linux-gnu-g++
2025-07-31 10:33:34 | /home/jakub/ETH/2025_2026_fall/thesis/Cool-Chic |  1174  sudo add-apt-repository -y ppa:deadsnakes/ppa && sudo apt update
2025-07-31 10:33:46 | /home/jakub/ETH/2025_2026_fall/thesis/Cool-Chic |  1175  sudo apt install -y build-essential python3.10-dev pip g++
2025-07-31 10:33:49 | /home/jakub/ETH/2025_2026_fall/thesis/Cool-Chic |  1176  deactivate
2025-07-31 10:33:59 | /home/jakub/ETH/2025_2026_fall/thesis/Cool-Chic |  1177  python3 --version
2025-07-31 10:34:05 | /home/jakub/ETH/2025_2026_fall/thesis/Cool-Chic |  1178  which python3
2025-07-31 10:34:26 | /home/jakub/ETH/2025_2026_fall/thesis/Cool-Chic |  1179  python310
2025-07-31 10:34:43 | /home/jakub/ETH/2025_2026_fall/thesis/Cool-Chic |  1180  python3.10-dev
2025-07-31 10:34:54 | /home/jakub/ETH/2025_2026_fall/thesis/Cool-Chic |  1181  python3 -m venv .venv
2025-07-31 10:35:00 | /home/jakub/ETH/2025_2026_fall/thesis/Cool-Chic |  1182  source .venv/bin/activate
2025-07-31 10:38:59 | /home/jakub/ETH/2025_2026_fall/thesis/Cool-Chic |  1183  pip install -e .
2025-07-31 10:44:53 | /home/jakub/ETH/2025_2026_fall/thesis/Cool-Chic |  1184  python -m test.sanity_check
2025-08-05 15:56:59 | /home/jakub/ETH/2025_2026_fall/thesis |  1185  source .bashrc 
2025-08-05 16:25:01 | /home/jakub/ETH/2025_2026_fall/thesis/Cool-Chic |  1186  cd Cool-Chic/
2025-08-05 16:25:09 | /home/jakub/ETH/2025_2026_fall/thesis/Cool-Chic |  1187  source .venv/bin/activate
2025-08-05 22:15:38 | /home/jakub/ETH/2025_2026_fall/thesis/Cool-Chic |  1188  git remote -v
2025-08-05 22:17:31 | /home/jakub/ETH/2025_2026_fall/thesis/Cool-Chic |  1189  git remote set-url origin https://github.com/Qwedux/Cool-Chic
2025-08-05 22:17:36 | /home/jakub/ETH/2025_2026_fall/thesis/Cool-Chic |  1190  git remote -v
2025-08-06 14:20:18 | /home/jakub/ETH/2025_2026_fall/thesis |  1186  source .bashrc 
2025-08-06 14:20:25 | /home/jakub/ETH/2025_2026_fall/thesis/Cool-Chic |  1187  cd Cool-Chic/
2025-08-06 14:20:49 | /home/jakub/ETH/2025_2026_fall/thesis/Cool-Chic |  1188  source .venv/bin/activate
2025-08-06 14:28:34 | /home/jakub/ETH/2025_2026_fall/thesis/Cool-Chic |  1189  python -m test.sanity_check
2025-08-06 16:25:20 | /home/jakub/ETH/2025_2026_fall/thesis/Cool-Chic |  1190  source .bashrc 
2025-08-06 17:48:40 | /home/jakub/ETH/2025_2026_fall/thesis/Cool-Chic |  1191  pip install ipykernel
2025-08-06 17:50:57 | /home/jakub/ETH/2025_2026_fall/thesis/Cool-Chic |  1191  pip install ipykernel
2025-09-10 18:29:54 | /home/jakub/ETH/2025_2026_fall/thesis/Cool-Chic |  1242  source ./.bashrc 
2025-09-10 18:30:30 | /home/jakub/ETH/2025_2026_fall/thesis/Cool-Chic/coolchic |  1243  cd coolchic/
2025-09-10 18:31:20 | /home/jakub/ETH/2025_2026_fall/thesis/Cool-Chic/coolchic |  1244  python3 lossless_encode.py 
2025-09-10 18:32:46 | /home/jakub/ETH/2025_2026_fall/thesis/Cool-Chic/coolchic |  1244  python3 lossless_encode.py 
2025-09-10 18:32:53 | /home/jakub/ETH/2025_2026_fall/thesis/Cool-Chic/coolchic |  1244  python3 lossless_encode.py 
2025-09-10 18:33:28 | /home/jakub/ETH/2025_2026_fall/thesis/Cool-Chic/coolchic |  1244  python3 lossless_encode.py 
2025-09-10 18:39:59 | /home/jakub/ETH/2025_2026_fall/thesis/Cool-Chic/coolchic |  1244  python3 lossless_encode.py 
2025-09-10 19:53:00 | /home/jakub/ETH/2025_2026_fall/thesis/Cool-Chic/coolchic |  1244  python3 lossless_encode.py 
2025-09-19 12:12:57 | /home/jakub/ETH/2025_2026_fall/thesis/Cool-Chic |  1255  source .bashrc 
2025-09-19 12:13:04 | /home/jakub/ETH/2025_2026_fall/thesis/Cool-Chic/coolchic |  1256  cd coolchic
2025-09-19 12:47:07 | /home/jakub/ETH/2025_2026_fall/thesis/Cool-Chic/coolchic |  1257  python3 lossless_encode.py 
2025-09-19 13:17:57 | /home/jakub/ETH/2025_2026_fall/thesis/Cool-Chic/coolchic |  1257  python3 lossless_encode.py 
2025-09-19 13:20:42 | /home/jakub/ETH/2025_2026_fall/thesis/Cool-Chic/coolchic |  1257  python3 lossless_encode.py 
2025-09-19 14:56:48 | /home/jakub/ETH/2025_2026_fall/thesis/Cool-Chic/coolchic |  1257  python3 lossless_encode.py 
2025-09-19 14:58:41 | /home/jakub/ETH/2025_2026_fall/thesis/Cool-Chic/coolchic |  1257  python3 lossless_encode.py 
2025-09-19 15:00:34 | /home/jakub/ETH/2025_2026_fall/thesis/Cool-Chic/coolchic |  1257  python3 lossless_encode.py 
2025-09-22 15:22:41 | /home/jakub/ETH/2025_2026_fall/thesis/Cool-Chic/coolchic |  1258  source ../../.bashrc
2025-09-22 15:23:16 | /home/jakub/ETH/2025_2026_fall/thesis/Cool-Chic |  1262  source .bashrc 
2025-09-22 15:23:16 | /home/jakub/ETH/2025_2026_fall/thesis/Cool-Chic |  1262  source .bashrc 
2025-09-22 15:23:16 | /home/jakub/ETH/2025_2026_fall/thesis/Cool-Chic |  1262  source .bashrc 
2025-09-22 16:33:18 | /home/jakub/ETH/2025_2026_fall/thesis/Cool-Chic |  1263  ssh  jparada@tik42x.ethz.ch
2025-09-22 16:33:18 | /home/jakub/ETH/2025_2026_fall/thesis/Cool-Chic |  1263  ssh  jparada@tik42x.ethz.ch
2025-09-22 16:33:18 | /home/jakub/ETH/2025_2026_fall/thesis/Cool-Chic |  1263  ssh  jparada@tik42x.ethz.ch
2025-09-22 16:48:13 | /home/jakub/ETH/2025_2026_fall/thesis/Cool-Chic/coolchic |  1264  cd coolchic
2025-09-22 16:48:13 | /home/jakub/ETH/2025_2026_fall/thesis/Cool-Chic/coolchic |  1264  cd coolchic
2025-09-22 16:48:13 | /home/jakub/ETH/2025_2026_fall/thesis/Cool-Chic/coolchic |  1264  cd coolchic
2025-09-22 16:48:51 | /home/jakub/ETH/2025_2026_fall/thesis/Cool-Chic/coolchic |  1265  python3 lossless_encode.py 
2025-09-22 16:48:51 | /home/jakub/ETH/2025_2026_fall/thesis/Cool-Chic/coolchic |  1265  python3 lossless_encode.py 
2025-09-22 16:48:51 | /home/jakub/ETH/2025_2026_fall/thesis/Cool-Chic/coolchic |  1265  python3 lossless_encode.py 
2025-09-22 16:52:03 | /home/jakub/ETH/2025_2026_fall/thesis/Cool-Chic/coolchic |  1265  python3 lossless_encode.py 
2025-09-22 16:52:03 | /home/jakub/ETH/2025_2026_fall/thesis/Cool-Chic/coolchic |  1265  python3 lossless_encode.py 
2025-09-22 16:52:03 | /home/jakub/ETH/2025_2026_fall/thesis/Cool-Chic/coolchic |  1265  python3 lossless_encode.py 
2025-09-22 17:17:44 | /home/jakub/ETH/2025_2026_fall/thesis/Cool-Chic/coolchic |  1265  python3 lossless_encode.py 
2025-09-22 17:17:44 | /home/jakub/ETH/2025_2026_fall/thesis/Cool-Chic/coolchic |  1265  python3 lossless_encode.py 
2025-09-22 17:17:44 | /home/jakub/ETH/2025_2026_fall/thesis/Cool-Chic/coolchic |  1265  python3 lossless_encode.py 
2025-09-22 18:49:37 | /home/jakub/ETH/2025_2026_fall/thesis/Cool-Chic/coolchic |  1265  python3 lossless_encode.py 
2025-09-22 18:49:37 | /home/jakub/ETH/2025_2026_fall/thesis/Cool-Chic/coolchic |  1265  python3 lossless_encode.py 
2025-09-22 18:49:37 | /home/jakub/ETH/2025_2026_fall/thesis/Cool-Chic/coolchic |  1265  python3 lossless_encode.py 
2025-09-22 18:51:01 | /home/jakub/ETH/2025_2026_fall/thesis/Cool-Chic/coolchic |  1265  python3 lossless_encode.py 
2025-09-22 18:51:01 | /home/jakub/ETH/2025_2026_fall/thesis/Cool-Chic/coolchic |  1265  python3 lossless_encode.py 
2025-09-22 18:51:01 | /home/jakub/ETH/2025_2026_fall/thesis/Cool-Chic/coolchic |  1265  python3 lossless_encode.py 
2025-09-22 18:55:15 | /home/jakub/ETH/2025_2026_fall/thesis/Cool-Chic/coolchic |  1265  python3 lossless_encode.py 
2025-09-22 18:55:15 | /home/jakub/ETH/2025_2026_fall/thesis/Cool-Chic/coolchic |  1265  python3 lossless_encode.py 
2025-09-22 18:55:15 | /home/jakub/ETH/2025_2026_fall/thesis/Cool-Chic/coolchic |  1265  python3 lossless_encode.py 
2025-09-22 18:55:42 | /home/jakub/ETH/2025_2026_fall/thesis/Cool-Chic/coolchic |  1265  python3 lossless_encode.py 
2025-09-22 18:55:42 | /home/jakub/ETH/2025_2026_fall/thesis/Cool-Chic/coolchic |  1265  python3 lossless_encode.py 
2025-09-22 18:55:42 | /home/jakub/ETH/2025_2026_fall/thesis/Cool-Chic/coolchic |  1265  python3 lossless_encode.py 
2025-09-22 18:55:56 | /home/jakub/ETH/2025_2026_fall/thesis/Cool-Chic/coolchic |  1265  python3 lossless_encode.py 
2025-09-22 18:55:56 | /home/jakub/ETH/2025_2026_fall/thesis/Cool-Chic/coolchic |  1265  python3 lossless_encode.py 
2025-09-22 18:55:56 | /home/jakub/ETH/2025_2026_fall/thesis/Cool-Chic/coolchic |  1265  python3 lossless_encode.py 
2025-09-22 19:14:19 | /home/jakub/ETH/2025_2026_fall/thesis/Cool-Chic/coolchic |  1265  python3 lossless_encode.py 
2025-09-22 19:14:19 | /home/jakub/ETH/2025_2026_fall/thesis/Cool-Chic/coolchic |  1265  python3 lossless_encode.py 
2025-09-22 19:14:19 | /home/jakub/ETH/2025_2026_fall/thesis/Cool-Chic/coolchic |  1265  python3 lossless_encode.py 
2025-09-22 19:16:32 | /home/jakub/ETH/2025_2026_fall/thesis/Cool-Chic/coolchic |  1265  python3 lossless_encode.py 
2025-09-22 19:16:32 | /home/jakub/ETH/2025_2026_fall/thesis/Cool-Chic/coolchic |  1265  python3 lossless_encode.py 
2025-09-22 19:16:32 | /home/jakub/ETH/2025_2026_fall/thesis/Cool-Chic/coolchic |  1265  python3 lossless_encode.py 
2025-09-23 11:23:13 | /home/jakub/ETH/2025_2026_fall/thesis/Cool-Chic/coolchic |  1266  ssh  jparada@tik42x.ethz.ch
2025-09-23 11:23:13 | /home/jakub/ETH/2025_2026_fall/thesis/Cool-Chic/coolchic |  1266  ssh  jparada@tik42x.ethz.ch
2025-09-23 11:23:13 | /home/jakub/ETH/2025_2026_fall/thesis/Cool-Chic/coolchic |  1266  ssh  jparada@tik42x.ethz.ch
2025-09-23 11:24:56 | /home/jakub/ETH/2025_2026_fall/thesis/Cool-Chic/coolchic |  1266  ssh  jparada@tik42x.ethz.ch
2025-09-23 11:24:56 | /home/jakub/ETH/2025_2026_fall/thesis/Cool-Chic/coolchic |  1266  ssh  jparada@tik42x.ethz.ch
2025-09-23 11:24:56 | /home/jakub/ETH/2025_2026_fall/thesis/Cool-Chic/coolchic |  1266  ssh  jparada@tik42x.ethz.ch
2025-09-23 11:25:01 | /home/jakub/ETH/2025_2026_fall/thesis/Cool-Chic/coolchic |  1266  ssh  jparada@tik42x.ethz.ch
2025-09-23 11:25:01 | /home/jakub/ETH/2025_2026_fall/thesis/Cool-Chic/coolchic |  1266  ssh  jparada@tik42x.ethz.ch
2025-09-23 11:25:01 | /home/jakub/ETH/2025_2026_fall/thesis/Cool-Chic/coolchic |  1266  ssh  jparada@tik42x.ethz.ch
2025-09-23 11:50:10 | /home/jakub/ETH/2025_2026_fall/thesis/Cool-Chic/coolchic |  1266  ssh  jparada@tik42x.ethz.ch
2025-09-23 11:50:10 | /home/jakub/ETH/2025_2026_fall/thesis/Cool-Chic/coolchic |  1266  ssh  jparada@tik42x.ethz.ch
2025-09-23 11:50:10 | /home/jakub/ETH/2025_2026_fall/thesis/Cool-Chic/coolchic |  1266  ssh  jparada@tik42x.ethz.ch
2025-09-23 11:50:20 | /home/jakub/ETH/2025_2026_fall/thesis/Cool-Chic/coolchic |  1267  python3 results_averager.py 
2025-09-23 11:50:20 | /home/jakub/ETH/2025_2026_fall/thesis/Cool-Chic/coolchic |  1267  python3 results_averager.py 
2025-09-23 11:50:20 | /home/jakub/ETH/2025_2026_fall/thesis/Cool-Chic/coolchic |  1267  python3 results_averager.py 
2025-10-09 01:38:56 | /home/jakub/ETH/thesis/Cool-Chic |  1996  source .bashrc 
2025-10-09 01:40:14 | /home/jakub/ETH/thesis/Cool-Chic/coolchic |  1997  cd coolchic
2025-10-09 01:40:52 | /home/jakub/ETH/thesis/Cool-Chic/coolchic |  1998  python3 lossless_encode.py 0
2025-10-09 02:29:10 | /home/jakub/ETH/thesis/Cool-Chic/coolchic |  1998  python3 lossless_encode.py 0
2025-10-09 02:29:43 | /home/jakub/ETH/thesis/Cool-Chic/coolchic |  1998  python3 lossless_encode.py 0
2025-10-09 02:33:14 | /home/jakub/ETH/thesis/Cool-Chic/coolchic |  1998  python3 lossless_encode.py 0
2025-10-09 02:33:43 | /home/jakub/ETH/thesis/Cool-Chic/coolchic |  1998  python3 lossless_encode.py 0
2025-10-09 02:34:29 | /home/jakub/ETH/thesis/Cool-Chic/coolchic |  1998  python3 lossless_encode.py 0
2025-10-09 02:35:12 | /home/jakub/ETH/thesis/Cool-Chic/coolchic |  1998  python3 lossless_encode.py 0
2025-10-09 02:35:58 | /home/jakub/ETH/thesis/Cool-Chic/coolchic |  1998  python3 lossless_encode.py 0
2025-10-09 03:06:18 | /home/jakub/ETH/thesis/Cool-Chic/coolchic |  1998  python3 lossless_encode.py 0
2025-10-09 03:06:19 | /home/jakub/ETH/thesis/Cool-Chic/coolchic |  1998  python3 lossless_encode.py 0
2025-10-09 03:06:22 | /home/jakub/ETH/thesis/Cool-Chic/coolchic |  1998  python3 lossless_encode.py 0
2025-10-09 03:10:46 | /home/jakub/ETH/thesis/Cool-Chic/coolchic |  1998  python3 lossless_encode.py 0
2025-10-09 03:11:07 | /home/jakub/ETH/thesis/Cool-Chic/coolchic |  1998  python3 lossless_encode.py 0
2025-10-09 03:11:38 | /home/jakub/ETH/thesis/Cool-Chic/coolchic |  1998  python3 lossless_encode.py 0
2025-10-09 03:12:08 | /home/jakub/ETH/thesis/Cool-Chic/coolchic |  1998  python3 lossless_encode.py 0
2025-10-09 03:12:48 | /home/jakub/ETH/thesis/Cool-Chic/coolchic |  1998  python3 lossless_encode.py 0
2025-10-09 04:10:39 | /home/jakub/ETH/thesis/Cool-Chic/coolchic |  1998  python3 lossless_encode.py 0
2025-10-09 05:48:46 | /home/jakub/ETH/thesis/Cool-Chic/coolchic |  1998  python3 lossless_encode.py 0
2025-10-09 05:49:37 | /home/jakub/ETH/thesis/Cool-Chic/coolchic |  1998  python3 lossless_encode.py 0
2025-10-09 05:50:18 | /home/jakub/ETH/thesis/Cool-Chic/coolchic |  1998  python3 lossless_encode.py 0
2025-10-09 05:52:09 | /home/jakub/ETH/thesis/Cool-Chic/coolchic |  1998  python3 lossless_encode.py 0
2025-10-09 05:54:20 | /home/jakub/ETH/thesis/Cool-Chic/coolchic |  1998  python3 lossless_encode.py 0
2025-10-09 05:54:34 | /home/jakub/ETH/thesis/Cool-Chic/coolchic |  1998  python3 lossless_encode.py 0
2025-10-09 05:54:45 | /home/jakub/ETH/thesis/Cool-Chic/coolchic |  1998  python3 lossless_encode.py 0
2025-10-09 05:54:52 | /home/jakub/ETH/thesis/Cool-Chic/coolchic |  1998  python3 lossless_encode.py 0
2025-10-09 06:17:55 | /home/jakub/ETH/thesis/Cool-Chic/coolchic |  1998  python3 lossless_encode.py 0
2025-10-09 06:18:11 | /home/jakub/ETH/thesis/Cool-Chic/coolchic |  1998  python3 lossless_encode.py 0
2025-10-09 06:19:20 | /home/jakub/ETH/thesis/Cool-Chic/coolchic |  1998  python3 lossless_encode.py 0
2025-10-09 06:20:53 | /home/jakub/ETH/thesis/Cool-Chic/coolchic |  1998  python3 lossless_encode.py 0
2025-10-09 06:21:16 | /home/jakub/ETH/thesis/Cool-Chic/coolchic |  1998  python3 lossless_encode.py 0
2025-10-09 06:21:49 | /home/jakub/ETH/thesis/Cool-Chic/coolchic |  1998  python3 lossless_encode.py 0
2025-10-09 06:21:59 | /home/jakub/ETH/thesis/Cool-Chic/coolchic |  1998  python3 lossless_encode.py 0
2025-10-09 06:22:15 | /home/jakub/ETH/thesis/Cool-Chic/coolchic |  1998  python3 lossless_encode.py 0
2025-10-09 06:39:35 | /home/jakub/ETH/thesis/Cool-Chic/coolchic |  1998  python3 lossless_encode.py 0
2025-10-09 06:40:40 | /home/jakub/ETH/thesis/Cool-Chic/coolchic |  1998  python3 lossless_encode.py 0
2025-10-09 06:41:26 | /home/jakub/ETH/thesis/Cool-Chic/coolchic |  1998  python3 lossless_encode.py 0
2025-10-09 06:44:16 | /home/jakub/ETH/thesis/Cool-Chic/coolchic |  1998  python3 lossless_encode.py 0
2025-10-09 06:44:26 | /home/jakub/ETH/thesis/Cool-Chic/coolchic |  1998  python3 lossless_encode.py 0
2025-10-09 06:45:08 | /home/jakub/ETH/thesis/Cool-Chic/coolchic |  1998  python3 lossless_encode.py 0
2025-10-09 06:45:24 | /home/jakub/ETH/thesis/Cool-Chic/coolchic |  1998  python3 lossless_encode.py 0
2025-10-09 06:45:44 | /home/jakub/ETH/thesis/Cool-Chic/coolchic |  1998  python3 lossless_encode.py 0
2025-10-09 06:47:47 | /home/jakub/ETH/thesis/Cool-Chic/coolchic |  1998  python3 lossless_encode.py 0
2025-10-09 06:48:05 | /home/jakub/ETH/thesis/Cool-Chic/coolchic |  1998  python3 lossless_encode.py 0
2025-10-09 06:48:28 | /home/jakub/ETH/thesis/Cool-Chic/coolchic |  1998  python3 lossless_encode.py 0
2025-10-09 06:49:55 | /home/jakub/ETH/thesis/Cool-Chic/coolchic |  1998  python3 lossless_encode.py 0
2025-10-09 06:51:03 | /home/jakub/ETH/thesis/Cool-Chic/coolchic |  1998  python3 lossless_encode.py 0
2025-10-09 06:54:51 | /home/jakub/ETH/thesis/Cool-Chic/coolchic |  1998  python3 lossless_encode.py 0
2025-10-09 06:55:48 | /home/jakub/ETH/thesis/Cool-Chic/coolchic |  1998  python3 lossless_encode.py 0
2025-10-09 06:55:52 | /home/jakub/ETH/thesis/Cool-Chic/coolchic |  1998  python3 lossless_encode.py 0
2025-10-09 06:55:52 | /home/jakub/ETH/thesis/Cool-Chic/coolchic |  1998  python3 lossless_encode.py 0
2025-10-09 07:53:46 | /home/jakub/ETH/thesis/Cool-Chic/coolchic |  1998  python3 lossless_encode.py 0
2025-10-09 10:26:32 | /home/jakub/ETH/thesis/Cool-Chic/coolchic |  1998  python3 lossless_encode.py 0
2025-10-09 10:26:41 | /home/jakub/ETH/thesis/Cool-Chic/coolchic |  1998  python3 lossless_encode.py 0
2025-10-09 10:26:49 | /home/jakub/ETH/thesis/Cool-Chic/coolchic |  1998  python3 lossless_encode.py 0
2025-10-09 10:27:37 | /home/jakub/ETH/thesis/Cool-Chic/coolchic |  1998  python3 lossless_encode.py 0
2025-10-09 10:27:53 | /home/jakub/ETH/thesis/Cool-Chic/coolchic |  1998  python3 lossless_encode.py 0
2025-10-09 10:28:14 | /home/jakub/ETH/thesis/Cool-Chic/coolchic |  1998  python3 lossless_encode.py 0
2025-10-09 10:28:38 | /home/jakub/ETH/thesis/Cool-Chic/coolchic |  1998  python3 lossless_encode.py 0
2025-10-09 10:31:11 | /home/jakub/ETH/thesis/Cool-Chic/coolchic |  1998  python3 lossless_encode.py 0
2025-10-09 10:34:28 | /home/jakub/ETH/thesis/Cool-Chic/coolchic |  1998  python3 lossless_encode.py 0
2025-10-09 10:34:56 | /home/jakub/ETH/thesis/Cool-Chic/coolchic |  1998  python3 lossless_encode.py 0
2025-10-09 10:36:03 | /home/jakub/ETH/thesis/Cool-Chic/coolchic |  1998  python3 lossless_encode.py 0
2025-10-30 15:12:54 | /home/jakub/ETH/2025_2026_fall/thesis/Cool-Chic |  1322  source .bashrc 
2025-10-30 15:12:58 | /home/jakub/ETH/2025_2026_fall/thesis/Cool-Chic/coolchic |  1323  cd coolchic
2025-10-30 15:13:14 | /home/jakub/ETH/2025_2026_fall/thesis/Cool-Chic/coolchic |  1324  python3 lossless_encode.py 0 RGB
2025-10-30 15:14:23 | /home/jakub/ETH/2025_2026_fall/thesis/Cool-Chic/coolchic |  1324  python3 lossless_encode.py 0 RGB
2025-10-30 15:24:09 | /home/jakub/ETH/2025_2026_fall/thesis/Cool-Chic/coolchic |  1324  python3 lossless_encode.py 0 RGB
2025-10-30 15:30:51 | /home/jakub/ETH/2025_2026_fall/thesis/Cool-Chic/coolchic |  1324  python3 lossless_encode.py 0 RGB
2025-10-30 15:31:33 | /home/jakub/ETH/2025_2026_fall/thesis/Cool-Chic/coolchic |  1324  python3 lossless_encode.py 0 RGB
2025-10-30 15:32:31 | /home/jakub/ETH/2025_2026_fall/thesis/Cool-Chic/coolchic |  1324  python3 lossless_encode.py 0 RGB
2025-10-30 15:33:03 | /home/jakub/ETH/2025_2026_fall/thesis/Cool-Chic/coolchic |  1324  python3 lossless_encode.py 0 RGB
2025-10-30 15:37:43 | /home/jakub/ETH/2025_2026_fall/thesis/Cool-Chic/coolchic |  1324  python3 lossless_encode.py 0 RGB
2025-10-30 15:37:50 | /home/jakub/ETH/2025_2026_fall/thesis/Cool-Chic/coolchic |  1325  python3 lossless_encode.py 0 RGB false
2025-10-30 15:39:18 | /home/jakub/ETH/2025_2026_fall/thesis/Cool-Chic/coolchic |  1325  python3 lossless_encode.py 0 RGB false
2025-10-30 15:39:48 | /home/jakub/ETH/2025_2026_fall/thesis/Cool-Chic/coolchic |  1325  python3 lossless_encode.py 0 RGB false
2025-10-30 15:43:36 | /home/jakub/ETH/2025_2026_fall/thesis/Cool-Chic/coolchic |  1325  python3 lossless_encode.py 0 RGB false
2025-10-30 15:45:23 | /home/jakub/ETH/2025_2026_fall/thesis/Cool-Chic/coolchic |  1325  python3 lossless_encode.py 0 RGB false
2025-10-30 16:33:11 | /home/jakub/ETH/2025_2026_fall/thesis/Cool-Chic/coolchic |  1326  ssh jparada@tik42x.ethz.ch
2026-01-17 18:45:52 | /home/jakub/ETH/thesis/Cool-Chic |  1992  source .bashrc 
2026-01-17 18:46:08 | /home/jakub/ETH/thesis/Cool-Chic/coolchic |  1993  cd coolchic
2026-01-17 18:48:50 | /home/jakub/ETH/thesis/Cool-Chic/coolchic |  1994  python3 lossless_encode.py --image-index=0 --color-space=YCoCg  --encoder-gain=64 --use-image-arm --experiment_name=2026_01_17_assorted_dataset_test
2026-01-17 18:55:06 | /home/jakub/ETH/thesis/Cool-Chic |  1991  source .bashrc 
2026-01-17 18:55:15 | /home/jakub/ETH/thesis/Cool-Chic |  1992  conda activate cool_chic_venv
2026-01-17 18:55:41 | /home/jakub/ETH/thesis/Cool-Chic/coolchic |  1993  cd coolchic
2026-01-17 19:01:34 | /home/jakub/ETH/thesis/Cool-Chic/coolchic |  1994  time python3 lossless_encode.py --image-index=0 --color-space=YCoCg --encoder-gain=64 --use-image-arm --experiment_name=2026_01_17_assorted_dataset_test
